0 info it worked if it ends with ok
1 verbose cli [ '/usr/bin/nodejs', '/usr/bin/npm', 'run', 'rollup' ]
2 info using npm@3.5.2
3 info using node@v4.2.6
4 verbose run-script [ 'prerollup', 'rollup', 'postrollup' ]
5 info lifecycle timeplayer-9000@1.0.1~prerollup: timeplayer-9000@1.0.1
6 silly lifecycle timeplayer-9000@1.0.1~prerollup: no script for prerollup, continuing
7 info lifecycle timeplayer-9000@1.0.1~rollup: timeplayer-9000@1.0.1
8 verbose lifecycle timeplayer-9000@1.0.1~rollup: unsafe-perm in lifecycle true
9 verbose lifecycle timeplayer-9000@1.0.1~rollup: PATH: /usr/share/npm/bin/node-gyp-bin:/home/kaleb/Projects/timeplayer-9000/node_modules/.bin:/home/kaleb/bin:/home/kaleb/.local/bin:/usr/local/sbin:/usr/local/bin:/usr/sbin:/usr/bin:/sbin:/bin:/usr/games:/usr/local/games:/snap/bin
10 verbose lifecycle timeplayer-9000@1.0.1~rollup: CWD: /home/kaleb/Projects/timeplayer-9000
11 silly lifecycle timeplayer-9000@1.0.1~rollup: Args: [ '-c',
11 silly lifecycle   'rollup -c && cp build/rolled.js dist/timeplayer-9000.rld.js && cp dist/* ../site-phenocam-org/www/static/js/dist/' ]
12 silly lifecycle timeplayer-9000@1.0.1~rollup: Returned: code: 1  signal: null
13 info lifecycle timeplayer-9000@1.0.1~rollup: Failed to exec rollup script
14 verbose stack Error: timeplayer-9000@1.0.1 rollup: `rollup -c && cp build/rolled.js dist/timeplayer-9000.rld.js && cp dist/* ../site-phenocam-org/www/static/js/dist/`
14 verbose stack Exit status 1
14 verbose stack     at EventEmitter.<anonymous> (/usr/share/npm/lib/utils/lifecycle.js:232:16)
14 verbose stack     at emitTwo (events.js:87:13)
14 verbose stack     at EventEmitter.emit (events.js:172:7)
14 verbose stack     at ChildProcess.<anonymous> (/usr/share/npm/lib/utils/spawn.js:24:14)
14 verbose stack     at emitTwo (events.js:87:13)
14 verbose stack     at ChildProcess.emit (events.js:172:7)
14 verbose stack     at maybeClose (internal/child_process.js:821:16)
14 verbose stack     at Process.ChildProcess._handle.onexit (internal/child_process.js:211:5)
15 verbose pkgid timeplayer-9000@1.0.1
16 verbose cwd /home/kaleb/Projects/timeplayer-9000
17 error Linux 4.13.0-37-generic
18 error argv "/usr/bin/nodejs" "/usr/bin/npm" "run" "rollup"
19 error node v4.2.6
20 error npm  v3.5.2
21 error code ELIFECYCLE
22 error timeplayer-9000@1.0.1 rollup: `rollup -c && cp build/rolled.js dist/timeplayer-9000.rld.js && cp dist/* ../site-phenocam-org/www/static/js/dist/`
22 error Exit status 1
23 error Failed at the timeplayer-9000@1.0.1 rollup script 'rollup -c && cp build/rolled.js dist/timeplayer-9000.rld.js && cp dist/* ../site-phenocam-org/www/static/js/dist/'.
23 error Make sure you have the latest version of node.js and npm installed.
23 error If you do, this is most likely a problem with the timeplayer-9000 package,
23 error not with npm itself.
23 error Tell the author that this fails on your system:
23 error     rollup -c && cp build/rolled.js dist/timeplayer-9000.rld.js && cp dist/* ../site-phenocam-org/www/static/js/dist/
23 error You can get information on how to open an issue for this project with:
23 error     npm bugs timeplayer-9000
23 error Or if that isn't available, you can get their info via:
23 error     npm owner ls timeplayer-9000
23 error There is likely additional logging output above.
24 verbose exit [ 1, true ]
