0 info it worked if it ends with ok
1 verbose cli [ '/usr/bin/node', '/usr/bin/npm', 'run', 'make' ]
2 info using npm@3.5.2
3 info using node@v6.11.4
4 verbose run-script [ 'premake', 'make', 'postmake' ]
5 info lifecycle standalone@1.0.0~premake: standalone@1.0.0
6 silly lifecycle standalone@1.0.0~premake: no script for premake, continuing
7 info lifecycle standalone@1.0.0~make: standalone@1.0.0
8 verbose lifecycle standalone@1.0.0~make: unsafe-perm in lifecycle true
9 verbose lifecycle standalone@1.0.0~make: PATH: /usr/share/npm/bin/node-gyp-bin:/home/kaleb/Desktop/projects/timeplayer-9000/standalone/node_modules/.bin:/usr/local/sbin:/usr/local/bin:/usr/sbin:/usr/bin:/sbin:/bin:/usr/games:/usr/local/games:/snap/bin
10 verbose lifecycle standalone@1.0.0~make: CWD: /home/kaleb/Desktop/projects/timeplayer-9000/standalone
11 silly lifecycle standalone@1.0.0~make: Args: [ '-c', 'electron-forge make' ]
12 silly lifecycle standalone@1.0.0~make: Returned: code: 1  signal: null
13 info lifecycle standalone@1.0.0~make: Failed to exec make script
14 verbose stack Error: standalone@1.0.0 make: `electron-forge make`
14 verbose stack Exit status 1
14 verbose stack     at EventEmitter.<anonymous> (/usr/share/npm/lib/utils/lifecycle.js:232:16)
14 verbose stack     at emitTwo (events.js:106:13)
14 verbose stack     at EventEmitter.emit (events.js:191:7)
14 verbose stack     at ChildProcess.<anonymous> (/usr/share/npm/lib/utils/spawn.js:24:14)
14 verbose stack     at emitTwo (events.js:106:13)
14 verbose stack     at ChildProcess.emit (events.js:191:7)
14 verbose stack     at maybeClose (internal/child_process.js:920:16)
14 verbose stack     at Process.ChildProcess._handle.onexit (internal/child_process.js:230:5)
15 verbose pkgid standalone@1.0.0
16 verbose cwd /home/kaleb/Desktop/projects/timeplayer-9000/standalone
17 error Linux 4.13.0-39-generic
18 error argv "/usr/bin/node" "/usr/bin/npm" "run" "make"
19 error node v6.11.4
20 error npm  v3.5.2
21 error code ELIFECYCLE
22 error standalone@1.0.0 make: `electron-forge make`
22 error Exit status 1
23 error Failed at the standalone@1.0.0 make script 'electron-forge make'.
23 error Make sure you have the latest version of node.js and npm installed.
23 error If you do, this is most likely a problem with the standalone package,
23 error not with npm itself.
23 error Tell the author that this fails on your system:
23 error     electron-forge make
23 error You can get information on how to open an issue for this project with:
23 error     npm bugs standalone
23 error Or if that isn't available, you can get their info via:
23 error     npm owner ls standalone
23 error There is likely additional logging output above.
24 verbose exit [ 1, true ]
